安装 libgcc-4.4.7-16.el6.x86_64
warning: libgcc-4.4.7-16.el6.x86_64: Header V3 RSA/SHA1 Signature, key ID c105b9de: NOKEY
安装 setup-2.8.14-20.el6_4.1.noarch
安装 filesystem-2.4.30-3.el6.x86_64
安装 basesystem-10.0-4.el6.noarch
安装 ncurses-base-5.7-4.20090207.el6.x86_64
安装 kernel-firmware-2.6.32-573.el6.noarch
安装 tzdata-2015e-1.el6.noarch
安装 glibc-common-2.12-1.166.el6.x86_64
安装 nss-softokn-freebl-3.14.3-22.el6_6.x86_64
安装 glibc-2.12-1.166.el6.x86_64
安装 ncurses-libs-5.7-4.20090207.el6.x86_64
安装 bash-4.1.2-33.el6.x86_64
安装 libattr-2.4.44-7.el6.x86_64
安装 libcap-2.16-5.5.el6.x86_64
安装 zlib-1.2.3-29.el6.x86_64
安装 info-4.13a-8.el6.x86_64
安装 popt-1.13-7.el6.x86_64
安装 audit-libs-2.3.7-5.el6.x86_64
安装 libcom_err-1.41.12-22.el6.x86_64
安装 libacl-2.2.49-6.el6.x86_64
安装 db4-4.7.25-19.el6_6.x86_64
安装 nspr-4.10.8-1.el6_6.x86_64
安装 libsepol-2.0.41-4.el6.x86_64
安装 libselinux-2.0.94-5.8.el6.x86_64
安装 chkconfig-1.3.49.3-5.el6.x86_64
安装 sed-4.2.1-10.el6.x86_64
安装 shadow-utils-4.1.4.2-19.el6_6.1.x86_64
安装 nss-util-3.18.0-1.el6_6.x86_64
安装 readline-6.0-4.el6.x86_64
安装 bzip2-libs-1.0.5-7.el6_0.x86_64
安装 libuuid-2.17.2-12.18.el6.x86_64
安装 libstdc++-4.4.7-16.el6.x86_64
安装 libblkid-2.17.2-12.18.el6.x86_64
安装 gawk-3.1.7-10.el6.x86_64
安装 file-libs-5.04-21.el6.x86_64
安装 libgpg-error-1.7-4.el6.x86_64
安装 dbus-libs-1.2.24-8.el6_6.x86_64
安装 libudev-147-2.63.el6.x86_64
安装 pcre-7.8-7.el6.x86_64
安装 grep-2.20-3.el6.x86_64
安装 lua-5.1.4-4.1.el6.x86_64
安装 sqlite-3.6.20-1.el6.x86_64
安装 cyrus-sasl-lib-2.1.23-15.el6_6.2.x86_64
安装 libidn-1.18-2.el6.x86_64
安装 expat-2.0.1-11.el6_2.x86_64
安装 xz-libs-4.999.9-0.5.beta.20091007git.el6.x86_64
安装 elfutils-libelf-0.161-3.el6.x86_64
安装 nss-softokn-3.14.3-22.el6_6.x86_64
安装 libgcrypt-1.4.5-11.el6_4.x86_64
安装 bzip2-1.0.5-7.el6_0.x86_64
安装 findutils-4.4.2-6.el6.x86_64
安装 libselinux-utils-2.0.94-5.8.el6.x86_64
安装 checkpolicy-2.0.22-1.el6.x86_64
安装 cpio-2.10-12.el6_5.x86_64
安装 which-2.19-6.el6.x86_64
安装 libxml2-2.7.6-20.el6.x86_64
安装 pth-2.0.7-9.3.el6.x86_64
安装 tcp_wrappers-libs-7.6-57.el6.x86_64
安装 sysvinit-tools-2.87-6.dsf.el6.x86_64
安装 libtasn1-2.3-6.el6_5.x86_64
安装 p11-kit-0.18.5-2.el6_5.2.x86_64
安装 p11-kit-trust-0.18.5-2.el6_5.2.x86_64
安装 device-mapper-persistent-data-0.3.2-1.el6.x86_64
安装 libnih-1.0.1-7.el6.x86_64
安装 upstart-0.6.5-13.el6_5.3.x86_64
安装 file-5.04-21.el6.x86_64
安装 gmp-4.3.1-7.el6_2.2.x86_64
安装 libusb-0.1.12-23.el6.x86_64
安装 MAKEDEV-3.24-6.el6.x86_64
安装 libutempter-1.1.5-4.1.el6.x86_64
安装 pinentry-0.7.6-8.el6.x86_64
安装 psmisc-22.6-19.el6_5.x86_64
安装 net-tools-1.60-110.el6_2.x86_64
安装 vim-minimal-7.4.629-5.el6.x86_64
安装 tar-1.23-13.el6.x86_64
安装 procps-3.2.8-33.el6.x86_64
安装 db4-utils-4.7.25-19.el6_6.x86_64
安装 e2fsprogs-libs-1.41.12-22.el6.x86_64
安装 libss-1.41.12-22.el6.x86_64
安装 binutils-2.20.51.0.2-5.43.el6.x86_64
安装 m4-1.4.13-5.el6.x86_64
安装 diffutils-2.8.1-28.el6.x86_64
安装 make-3.81-20.el6.x86_64
安装 dash-0.5.5.1-4.el6.x86_64
安装 ncurses-5.7-4.20090207.el6.x86_64
安装 groff-1.18.1.4-21.el6.x86_64
安装 less-436-13.el6.x86_64
安装 coreutils-libs-8.4-37.el6.x86_64
安装 gzip-1.3.12-22.el6.x86_64
安装 cracklib-2.8.16-4.el6.x86_64
安装 cracklib-dicts-2.8.16-4.el6.x86_64
安装 coreutils-8.4-37.el6.x86_64
安装 pam-1.1.1-20.el6.x86_64
安装 module-init-tools-3.9-25.el6.x86_64
安装 hwdata-0.233-14.1.el6.noarch
安装 redhat-logos-60.0.14-12.el6.centos.noarch
安装 plymouth-scripts-0.8.3-27.el6.centos.1.x86_64
安装 libpciaccess-0.13.3-0.1.el6.x86_64
安装 ca-certificates-2015.2.4-65.0.1.el6_6.noarch
安装 nss-3.18.0-5.3.el6_6.x86_64
安装 nss-sysinit-3.18.0-5.3.el6_6.x86_64
安装 nss-tools-3.18.0-5.3.el6_6.x86_64
安装 logrotate-3.7.8-23.el6.x86_64
安装 libedit-2.11-4.20080712cvs.1.el6.x86_64
安装 gdbm-1.8.0-38.el6.x86_64
安装 mingetty-1.08-5.el6.x86_64
安装 keyutils-libs-1.4-5.el6.x86_64
安装 krb5-libs-1.10.3-42.el6.x86_64
安装 openssl-1.0.1e-42.el6.x86_64
安装 libssh2-1.4.2-1.el6_6.1.x86_64
安装 libcurl-7.19.7-46.el6.x86_64
安装 rpm-libs-4.8.0-47.el6.x86_64
安装 curl-7.19.7-46.el6.x86_64
安装 rpm-4.8.0-47.el6.x86_64
安装 openldap-2.4.40-5.el6.x86_64
安装 gnupg2-2.0.14-8.el6.x86_64
安装 gpgme-1.1.8-3.el6.x86_64
安装 fipscheck-lib-1.2.0-7.el6.x86_64
安装 fipscheck-1.2.0-7.el6.x86_64
安装 mysql-libs-5.1.73-5.el6_6.x86_64
安装 ethtool-3.5-6.el6.x86_64
安装 pciutils-libs-3.1.10-4.el6.x86_64
安装 plymouth-core-libs-0.8.3-27.el6.centos.1.x86_64
安装 libcap-ng-0.6.4-3.el6_0.1.x86_64
安装 libffi-3.0.5-3.2.el6.x86_64
安装 python-2.6.6-64.el6.x86_64
安装 python-libs-2.6.6-64.el6.x86_64
安装 python-pycurl-7.19.0-8.el6.x86_64
安装 python-urlgrabber-3.9.1-9.el6.noarch
安装 pygpgme-0.1-18.20090824bzr68.el6.x86_64
安装 rpm-python-4.8.0-47.el6.x86_64
安装 python-iniparse-0.3.1-2.1.el6.noarch
安装 slang-2.2.1-1.el6.x86_64
安装 newt-0.52.11-3.el6.x86_64
安装 newt-python-0.52.11-3.el6.x86_64
安装 ustr-1.0.4-9.1.el6.x86_64
安装 libsemanage-2.0.43-5.1.el6.x86_64
安装 libaio-0.3.107-10.el6.x86_64
安装 pkgconfig-0.23-9.1.el6.x86_64
安装 gamin-0.1.10-9.el6.x86_64
安装 glib2-2.28.8-4.el6.x86_64
安装 shared-mime-info-0.70-6.el6.x86_64
安装 libuser-0.56.13-5.el6.x86_64
安装 grubby-7.0.15-7.el6.x86_64
安装 yum-metadata-parser-1.1.2-16.el6.x86_64
安装 yum-plugin-fastestmirror-1.1.30-30.el6.noarch
安装 yum-3.2.29-69.el6.centos.noarch
安装 dbus-glib-0.86-6.el6.x86_64
安装 dhcp-common-4.1.1-49.P1.el6.centos.x86_64
安装 centos-release-6-7.el6.centos.12.3.x86_64
安装 policycoreutils-2.0.83-24.el6.x86_64
安装 iptables-1.4.7-16.el6.x86_64
安装 iproute-2.6.32-45.el6.x86_64
安装 iputils-20071127-20.el6.x86_64
安装 util-linux-ng-2.17.2-12.18.el6.x86_64
安装 initscripts-9.03.49-1.el6.centos.x86_64
安装 udev-147-2.63.el6.x86_64
安装 device-mapper-libs-1.02.95-2.el6.x86_64
安装 device-mapper-1.02.95-2.el6.x86_64
安装 device-mapper-event-libs-1.02.95-2.el6.x86_64
安装 openssh-5.3p1-111.el6.x86_64
安装 device-mapper-event-1.02.95-2.el6.x86_64
安装 lvm2-libs-2.02.118-2.el6.x86_64
安装 cryptsetup-luks-libs-1.2.0-11.el6.x86_64
安装 device-mapper-multipath-libs-0.4.9-87.el6.x86_64
安装 kpartx-0.4.9-87.el6.x86_64
安装 libdrm-2.4.59-2.el6.x86_64
安装 plymouth-0.8.3-27.el6.centos.1.x86_64
安装 rsyslog-5.8.10-10.el6_6.x86_64
安装 cyrus-sasl-2.1.23-15.el6_6.2.x86_64
安装 postfix-2.6.6-6.el6_5.x86_64
安装 cronie-anacron-1.4.4-15.el6.x86_64
安装 cronie-1.4.4-15.el6.x86_64
安装 crontabs-1.10-33.el6.noarch
安装 iptables-ipv6-1.4.7-16.el6.x86_64
安装 selinux-policy-3.7.19-279.el6.noarch
安装 kbd-misc-1.15-11.el6.noarch
安装 kbd-1.15-11.el6.x86_64
安装 dracut-004-388.el6.noarch
安装 dracut-kernel-004-388.el6.noarch
安装 kernel-2.6.32-573.el6.x86_64
安装 fuse-2.8.3-4.el6.x86_64
安装 selinux-policy-targeted-3.7.19-279.el6.noarch
安装 system-config-firewall-base-1.2.27-7.2.el6_6.noarch
安装 device-mapper-multipath-0.4.9-87.el6.x86_64
安装 cryptsetup-luks-1.2.0-11.el6.x86_64
安装 lvm2-2.02.118-2.el6.x86_64
安装 openssh-clients-5.3p1-111.el6.x86_64
安装 openssh-server-5.3p1-111.el6.x86_64
安装 mdadm-3.3.2-5.el6.x86_64
安装 b43-openfwwf-5.2-10.el6.noarch
安装 dhclient-4.1.1-49.P1.el6.centos.x86_64
安装 iscsi-initiator-utils-6.2.0.873-14.el6.x86_64
安装 passwd-0.77-4.el6_2.2.x86_64
安装 authconfig-6.1.12-23.el6.x86_64
安装 grub-0.97-94.el6.x86_64
安装 efibootmgr-0.5.4-13.el6.x86_64
安装 sudo-1.8.6p3-19.el6.x86_64
安装 audit-2.3.7-5.el6.x86_64
安装 e2fsprogs-1.41.12-22.el6.x86_64
安装 xfsprogs-3.1.1-16.el6.x86_64
安装 acl-2.2.49-6.el6.x86_64
安装 attr-2.4.44-7.el6.x86_64
安装 bridge-utils-1.2-10.el6.x86_64
安装 rootfiles-8.1-6.1.el6.noarch
*** FINISHED INSTALLING PACKAGES ***